c:\users\надежда\desktop\studying\хорьков\task5\myreader\myreader\debug\myreader.pch
c:\users\надежда\desktop\studying\хорьков\task5\myreader\myreader\debug\vc141.pdb
c:\users\надежда\desktop\studying\хорьков\task5\myreader\myreader\debug\vc141.idb
c:\users\надежда\desktop\studying\хорьков\task5\myreader\myreader\debug\pch.obj
c:\users\надежда\desktop\studying\хорьков\task5\myreader\myreader\debug\ntfs_fs.obj
c:\users\надежда\desktop\studying\хорьков\task5\myreader\myreader\debug\myreader.obj
c:\users\надежда\desktop\studying\хорьков\task5\myreader\myreader\debug\iterator.obj
c:\users\надежда\desktop\studying\хорьков\task5\myreader\myreader\debug\fsfactory.obj
c:\users\надежда\desktop\studying\хорьков\task5\myreader\myreader\debug\filesystemparent.obj
c:\users\надежда\desktop\studying\хорьков\task5\myreader\myreader\debug\exfat_fs.obj
c:\users\надежда\desktop\studying\хорьков\task5\myreader\myreader\debug\diskreader.obj
c:\users\надежда\desktop\studying\хорьков\task5\myreader\myreader\debug\decorator.obj
c:\users\надежда\desktop\studying\хорьков\task5\myreader\myreader\debug\cluster.obj
c:\users\надежда\desktop\studying\хорьков\task5\myreader\debug\myreader.exe
c:\users\надежда\desktop\studying\хорьков\task5\myreader\debug\myreader.ilk
c:\users\надежда\desktop\studying\хорьков\task5\myreader\debug\myreader.pdb
c:\users\надежда\desktop\studying\хорьков\task5\myreader\myreader\debug\myreader.tlog\cl.command.1.tlog
c:\users\надежда\desktop\studying\хорьков\task5\myreader\myreader\debug\myreader.tlog\cl.read.1.tlog
c:\users\надежда\desktop\studying\хорьков\task5\myreader\myreader\debug\myreader.tlog\cl.write.1.tlog
c:\users\надежда\desktop\studying\хорьков\task5\myreader\myreader\debug\myreader.tlog\link.command.1.tlog
c:\users\надежда\desktop\studying\хорьков\task5\myreader\myreader\debug\myreader.tlog\link.read.1.tlog
c:\users\надежда\desktop\studying\хорьков\task5\myreader\myreader\debug\myreader.tlog\link.write.1.tlog
